\BOOKMARK [0][-]{chapter.1}{项目介绍}{}% 1
\BOOKMARK [1][-]{section.1.1}{项目综述}{chapter.1}% 2
\BOOKMARK [2][-]{subsection.1.1.1}{...}{section.1.1}% 3
\BOOKMARK [2][-]{subsection.1.1.2}{...}{section.1.1}% 4
\BOOKMARK [1][-]{section.1.2}{开发环境}{chapter.1}% 5
\BOOKMARK [2][-]{subsection.1.2.1}{...}{section.1.2}% 6
\BOOKMARK [2][-]{subsection.1.2.2}{...}{section.1.2}% 7
\BOOKMARK [2][-]{subsection.1.2.3}{...}{section.1.2}% 8
\BOOKMARK [1][-]{section.1.3}{第三方依赖库}{chapter.1}% 9
\BOOKMARK [2][-]{subsection.1.3.1}{...}{section.1.3}% 10
\BOOKMARK [2][-]{subsection.1.3.2}{...}{section.1.3}% 11
\BOOKMARK [2][-]{subsection.1.3.3}{...}{section.1.3}% 12
\BOOKMARK [0][-]{chapter.2}{基础功能}{}% 13
\BOOKMARK [1][-]{section.2.1}{顶点变换}{chapter.2}% 14
\BOOKMARK [2][-]{subsection.2.1.1}{局部坐标系}{section.2.1}% 15
\BOOKMARK [1][-]{section.2.2}{裁剪}{chapter.2}% 16
\BOOKMARK [1][-]{section.2.3}{线框画线}{chapter.2}% 17
\BOOKMARK [0][-]{chapter.3}{附加功能}{}% 18
\BOOKMARK [1][-]{section.3.1}{区域填充}{chapter.3}% 19
\BOOKMARK [1][-]{section.3.2}{纹理贴图}{chapter.3}% 20
\BOOKMARK [1][-]{section.3.3}{光照}{chapter.3}% 21
\BOOKMARK [1][-]{section.3.4}{三维模型}{chapter.3}% 22
\BOOKMARK [1][-]{section.3.5}{天空盒子}{chapter.3}% 23
\BOOKMARK [0][-]{chapter.4}{功能效果演示}{}% 24
\BOOKMARK [1][-]{section.4.1}{顶点变换}{chapter.4}% 25
\BOOKMARK [1][-]{section.4.2}{裁剪}{chapter.4}% 26
\BOOKMARK [1][-]{section.4.3}{线框画线}{chapter.4}% 27
\BOOKMARK [1][-]{section.4.4}{扫描线填充}{chapter.4}% 28
\BOOKMARK [1][-]{section.4.5}{纹理贴图}{chapter.4}% 29
\BOOKMARK [1][-]{section.4.6}{光照}{chapter.4}% 30
\BOOKMARK [1][-]{section.4.7}{三维模型}{chapter.4}% 31
\BOOKMARK [1][-]{section.4.8}{天空盒子}{chapter.4}% 32
\BOOKMARK [0][-]{section.4.8}{References}{}% 33
